Texas cli instance started.
Started Analyze Branch
Beginning Analysis run
Starting Analyze Command
Analyze, gen_standard_names() touched                               
/opt/stonesoup/workspace/logs/analyze/analyze.stdout
/opt/stonesoup/workspace/logs/analyze/analyze.stderr
Analyze is running
Analyze, command_args is passing {'cwd': '/opt/stonesoup/workspace',
 'env': {'DBMYSQLHOST': 'ss-localhost',
         'DBMYSQLPASSWORD': 'stonesoup2014',
         'DBMYSQLPORT': '3306',
         'DBMYSQLUSER': 'ss_db_user',
         'DBPGHOST': 'ss-localhost',
         'DBPGPASSWORD': 'stonesoup2014',
         'DBPGPORT': '5432',
         'DBPGUSER': 'ss_db_user',
         'DISPLAY': ':0',
         'LIBC_FATAL_STDERR_': '1',
         'PATH': '/opt/stonesoup/texas_scripts:/opt/stonesoup/workspace/scripts:/opt/stonesoup/dependencies/bin:/opt/stonesoup/dependencies/sbin:/opt/stonesoup/env/bin:/usr/local/sbin:/usr/local/bin:/usr/sbin:/usr/bin:/sbin:/bin',
         'SS_COMM_ADDR': '127.0.0.1',
         'SS_COMM_PORT': '8886',
         'SS_JAVA_CLASSPATH': u'/opt/stonesoup/dependencies/java/lucene/*:/opt/stonesoup/workspace/install/classes/*:/opt/stonesoup/workspace/install/*:/opt/stonesoup/dependencies/java/stonesoup/socket/*:/opt/stonesoup/dependencies/java/stonesoup/lttng/lttng-stonesoup-0.1.jar',
         'SS_JAVA_EXTRA_DEPS': '',
         'SS_JAVA_MAIN': u'org.apache.lucene.demo.IndexFiles:org.apache.lucene.demo.SearchFiles:org.apache.lucene.demo.facet.SimpleFacetsExample:org.apache.lucene.demo.facet.AssociationsFacetsExample',
         'SS_LEARNING_ROOT': '/opt/stonesoup/learningspace',
         'SS_LOG_ANALYZE_STDERR': '/opt/stonesoup/workspace/logs/analyze/analyze.stderr',
         'SS_LOG_ANALYZE_STDOUT': '/opt/stonesoup/workspace/logs/analyze/analyze.stdout',
         'SS_TC_DATA': u'testData',
         'SS_TC_DEPS': '/opt/stonesoup/dependencies',
         'SS_TC_INSTALL': u'install',
         'SS_TC_ROOT': '/opt/stonesoup/workspace',
         'SS_TC_SCORE': u'testOutput',
         'SS_TC_SCRIPTS': u'scripts',
         'SS_TC_SRC': u'src',
         'STONESOUP_DISABLE_WEAKNESS': '1'},
 'stderr': <open file '/opt/stonesoup/workspace/logs/analyze/analyze.stderr', mode 'w' at 0x1ef8db0>,
 'stdout': <open file '/opt/stonesoup/workspace/logs/analyze/analyze.stdout', mode 'w' at 0x1ef8d20>} to subprocess
 Analyze command is : analyze.sh -d /opt/stonesoup/workspace/src -f /opt/stonesoup/workspace/build_commands
Analyze, get_log_dict() value is {'analyze': {'killed': False,
             'pid': 14863,
             'return_code': 0,
             'stderr': '/opt/stonesoup/workspace/logs/analyze/analyze.stderr',
             'stdout': '/opt/stonesoup/workspace/logs/analyze/analyze.stdout'}}
Analyze dict after the run: {'cmd_file': 'build_commands',
 'cwd': '/opt/stonesoup/workspace',
 'debug': False,
 'do_nothing': False,
 'end_time': 1418678710.687745,
 'envvars': {'DBMYSQLHOST': 'ss-localhost',
             'DBMYSQLPASSWORD': 'stonesoup2014',
             'DBMYSQLPORT': '3306',
             'DBMYSQLUSER': 'ss_db_user',
             'DBPGHOST': 'ss-localhost',
             'DBPGPASSWORD': 'stonesoup2014',
             'DBPGPORT': '5432',
             'DBPGUSER': 'ss_db_user',
             'DISPLAY': ':0',
             'LIBC_FATAL_STDERR_': '1',
             'PATH': '/opt/stonesoup/texas_scripts:/opt/stonesoup/workspace/scripts:/opt/stonesoup/dependencies/bin:/opt/stonesoup/dependencies/sbin:/opt/stonesoup/env/bin:/usr/local/sbin:/usr/local/bin:/usr/sbin:/usr/bin:/sbin:/bin',
             'SS_COMM_ADDR': '127.0.0.1',
             'SS_COMM_PORT': '8886',
             'SS_JAVA_CLASSPATH': u'/opt/stonesoup/dependencies/java/lucene/*:/opt/stonesoup/workspace/install/classes/*:/opt/stonesoup/workspace/install/*:/opt/stonesoup/dependencies/java/stonesoup/socket/*:/opt/stonesoup/dependencies/java/stonesoup/lttng/lttng-stonesoup-0.1.jar',
             'SS_JAVA_EXTRA_DEPS': '',
             'SS_JAVA_MAIN': u'org.apache.lucene.demo.IndexFiles:org.apache.lucene.demo.SearchFiles:org.apache.lucene.demo.facet.SimpleFacetsExample:org.apache.lucene.demo.facet.AssociationsFacetsExample',
             'SS_LEARNING_ROOT': '/opt/stonesoup/learningspace',
             'SS_LOG_ANALYZE_STDERR': '/opt/stonesoup/workspace/logs/analyze/analyze.stderr',
             'SS_LOG_ANALYZE_STDOUT': '/opt/stonesoup/workspace/logs/analyze/analyze.stdout',
             'SS_TC_DATA': u'testData',
             'SS_TC_DEPS': '/opt/stonesoup/dependencies',
             'SS_TC_INSTALL': u'install',
             'SS_TC_ROOT': '/opt/stonesoup/workspace',
             'SS_TC_SCORE': u'testOutput',
             'SS_TC_SCRIPTS': u'scripts',
             'SS_TC_SRC': u'src',
             'STONESOUP_DISABLE_WEAKNESS': '1'},
 'killed': False,
 'log_dir': 'logs/analyze',
 'messages': 'logs/analyze/messages.xml',
 'performer': False,
 'pid': 14863,
 'release': False,
 'return_code': 0,
 'run_time': 112.78147315979004,
 'skip': False,
 'start_time': 1418678597.906272,
 'stderr': 'logs/analyze/analyze.stderr',
 'stdout': 'logs/analyze/analyze.stdout',
 'verbose': False,
 'working_dir': u'src'}
Stopping comms server.
